<?xml version="1.0" encoding="UTF-8"?>
<!-- Generated by org.testng.reporters.JUnitReportReporter -->
<testsuite hostname="SHUBHAM_SINGH" failures="0" tests="1" name="TestCaseRepo.TC_002" time="12.925" errors="0" timestamp="2025-03-27T17:27:22 IST" skipped="0">
  <testcase classname="TestCaseRepo.TC_002" name="LE_002" time="12.925">
    <system-out>
      <![CDATA[LE_002->On Test start
LE_002->On Test success]]>
    </system-out>
  </testcase> <!-- LE_002 -->
  <system-out>
    <![CDATA[CON_003->On Test start
CON_003->On Test success
CON_002->On Test start
CON_002->On Test success
CON_001->On Test start
CON_001->On Test success
LE_003->On Test start
LE_003->On Test success
LE_002->On Test start
LE_002->On Test success
LE_001->On Test start
LE_001->On Test success]]>
  </system-out>
</testsuite> <!-- TestCaseRepo.TC_002 -->
