<?xml version="1.0" encoding="UTF-8"?>
<!-- Generated by org.testng.reporters.JUnitReportReporter -->
<testsuite hostname="SHUBHAM_SINGH" failures="0" tests="1" name="sample.HardAssertion" time="0.011" errors="0" timestamp="2025-03-14T18:05:23 IST" skipped="0">
  <testcase classname="sample.HardAssertion" name="strictLevelComparison" time="0.011"/>
</testsuite> <!-- sample.HardAssertion -->
