<?xml version="1.0" encoding="UTF-8"?>
<!-- Generated by org.testng.reporters.JUnitReportReporter -->
<testsuite hostname="SHUBHAM_SINGH" failures="0" tests="4" name="sample.TestNGPractice" time="0.016" errors="0" timestamp="2025-03-24T23:28:12 IST" skipped="1">
  <testcase classname="sample.TestNGPractice" name="CreateUser" time="0.011"/>
  <testcase classname="sample.TestNGPractice" name="modifyUser" time="0.004"/>
  <testcase classname="sample.TestNGPractice" name="modifyUser" time="0.001"/>
  <testcase classname="sample.TestNGPractice" name="deleteUser">
    <skipped/>
  </testcase> <!-- deleteUser -->
</testsuite> <!-- sample.TestNGPractice -->
