<?xml version="1.0" encoding="UTF-8"?>
<!-- Generated by org.testng.reporters.JUnitReportReporter -->
<testsuite hostname="SHUBHAM_SINGH" failures="0" tests="1" name="sample.AnnotatioPractice" time="0.014" errors="0" timestamp="2025-03-18T22:52:06 IST" skipped="0">
  <testcase classname="sample.AnnotatioPractice" name="test" time="0.014"/>
</testsuite> <!-- sample.AnnotatioPractice -->
