<?xml version="1.0" encoding="UTF-8"?>
<!-- Generated by org.testng.reporters.JUnitReportReporter -->
<testsuite hostname="SHUBHAM_SINGH" failures="0" tests="1" name="sample.TestNGPractice1" time="0.012" errors="0" timestamp="2025-03-14T14:08:20 IST" skipped="0">
  <testcase classname="sample.TestNGPractice1" name="deleteUser" time="0.012"/>
</testsuite> <!-- sample.TestNGPractice1 -->
