<?xml version="1.0" encoding="UTF-8"?>
<!-- Generated by org.testng.reporters.JUnitReportReporter -->
<testsuite hostname="SHUBHAM_SINGH" failures="0" tests="1" name="TestCaseRepo.TC_005" time="17.782" errors="0" timestamp="2025-03-27T17:47:42 IST" skipped="0">
  <testcase classname="TestCaseRepo.TC_005" name="CON_002" time="17.782"/>
</testsuite> <!-- TestCaseRepo.TC_005 -->
